<?xml version="1.0" encoding="UTF-8"?>
<!-- Generated by org.testng.reporters.JUnitXMLReporter -->
<testsuite ignored="12" hostname="DESKTOP-AM6U94K" failures="2" tests="7" name="TestNG_Report2" time="238.319" errors="0" timestamp="2024-06-28T18:19:52 IST">
  <testcase classname="com.Mohs10.TestScripts.MO_Scripts" name="Mamatva_MO" time="34.138"/>
  <testcase classname="com.Mohs10.TestScripts.MO_Edit" name="testMO_Edit" time="29.053"/>
  <testcase classname="com.Mohs10.TestScripts.MO_Close" name="Mo_CloseTC" time="26.411">
    <failure type="org.openqa.selenium.ElementClickInterceptedException" message="Element &amp;lt;i class=&amp;quot;fas fa-times&amp;quot;&amp;gt; is not clickable at point (1130,331) because another element &amp;lt;div id=&amp;quot;myModal&amp;quot; class=&amp;quot;modal fade show&amp;quot;&amp;gt; obscures it
Build info: version: &amp;apos;4.21.0&amp;apos;, revision: &amp;apos;79ed462ef4&amp;apos;
System info: os.name: &amp;apos;Windows 10&amp;apos;, os.arch: &amp;apos;amd64&amp;apos;, os.version: &amp;apos;10.0&amp;apos;, java.version: &amp;apos;17.0.8&amp;apos;
Driver info: org.openqa.selenium.remote.RemoteWebDriver
Command: [088f7175-064f-48fa-b1bb-187b0bc9ba55, clickElement {id=6d539e57-9be5-477a-ad8b-cfb7f9d1b057}]
Capabilities {acceptInsecureCerts: true, browserName: firefox, browserVersion: 127.0, moz:accessibilityChecks: false, moz:buildID: 20240606181944, moz:debuggerAddress: 127.0.0.1:14288, moz:firefoxOptions: {binary: C:\Program Files\Mozilla Fi...}, moz:geckodriverVersion: 0.34.0, moz:headless: false, moz:platformVersion: 10.0, moz:processID: 1832, moz:profile: C:\Users\Dell\AppData\Local..., moz:shutdownTimeout: 60000, moz:webdriverClick: true, moz:windowless: false, pageLoadStrategy: normal, platformName: Windows 10, proxy: Proxy(), se:bidiEnabled: false, se:cdp: ws://192.168.1.99:4444/sess..., se:cdpVersion: 85.0, setWindowRect: true, strictFileInteractability: false, timeouts: {implicit: 0, pageLoad: 300000, script: 30000}, unhandledPromptBehavior: dismiss and notify, userAgent: Mozilla/5.0 (Windows NT 10....}
Element: [[RemoteWebDriver: firefox on Windows 10 (088f7175-064f-48fa-b1bb-187b0bc9ba55)] -&amp;gt; xpath: //tbody/tr[2]/td[4]/span[3]/a[1]/i[1]]
Session ID: 088f7175-064f-48fa-b1bb-187b0bc9ba55">
      <![CDATA[org.openqa.selenium.ElementClickInterceptedException: Element <i class="fas fa-times"> is not clickable at point (1130,331) because another element <div id="myModal" class="modal fade show"> obscures it
Build info: version: '4.21.0', revision: '79ed462ef4'
System info: os.name: 'Windows 10', os.arch: 'amd64', os.version: '10.0', java.version: '17.0.8'
Driver info: org.openqa.selenium.remote.RemoteWebDriver
Command: [088f7175-064f-48fa-b1bb-187b0bc9ba55, clickElement {id=6d539e57-9be5-477a-ad8b-cfb7f9d1b057}]
Capabilities {acceptInsecureCerts: true, browserName: firefox, browserVersion: 127.0, moz:accessibilityChecks: false, moz:buildID: 20240606181944, moz:debuggerAddress: 127.0.0.1:14288, moz:firefoxOptions: {binary: C:\Program Files\Mozilla Fi...}, moz:geckodriverVersion: 0.34.0, moz:headless: false, moz:platformVersion: 10.0, moz:processID: 1832, moz:profile: C:\Users\Dell\AppData\Local..., moz:shutdownTimeout: 60000, moz:webdriverClick: true, moz:windowless: false, pageLoadStrategy: normal, platformName: Windows 10, proxy: Proxy(), se:bidiEnabled: false, se:cdp: ws://192.168.1.99:4444/sess..., se:cdpVersion: 85.0, setWindowRect: true, strictFileInteractability: false, timeouts: {implicit: 0, pageLoad: 300000, script: 30000}, unhandledPromptBehavior: dismiss and notify, userAgent: Mozilla/5.0 (Windows NT 10....}
Element: [[RemoteWebDriver: firefox on Windows 10 (088f7175-064f-48fa-b1bb-187b0bc9ba55)] -> xpath: //tbody/tr[2]/td[4]/span[3]/a[1]/i[1]]
Session ID: 088f7175-064f-48fa-b1bb-187b0bc9ba55
at org.openqa.selenium.remote.ErrorCodec.decode(ErrorCodec.java:167)
at org.openqa.selenium.remote.codec.w3c.W3CHttpResponseCodec.decode(W3CHttpResponseCodec.java:138)
at org.openqa.selenium.remote.codec.w3c.W3CHttpResponseCodec.decode(W3CHttpResponseCodec.java:50)
at org.openqa.selenium.remote.HttpCommandExecutor.execute(HttpCommandExecutor.java:190)
at org.openqa.selenium.remote.TracedCommandExecutor.execute(TracedCommandExecutor.java:51)
at org.openqa.selenium.remote.RemoteWebDriver.execute(RemoteWebDriver.java:518)
at org.openqa.selenium.remote.RemoteWebElement.execute(RemoteWebElement.java:223)
at org.openqa.selenium.remote.RemoteWebElement.click(RemoteWebElement.java:76)
at com.Mohs10.Base.Action.click(Action.java:162)
at com.Mohs10.Functions.MO_Fun.MO_Close(MO_Fun.java:140)
at com.Mohs10.TestScripts.MO_Close.Mo_CloseTC(MO_Close.java:25)
at java.base/java.util.ArrayList.forEach(ArrayList.java:1511)
... Removed 32 stack frames]]>
    </failure>
  </testcase> <!-- Mo_CloseTC -->
  <testcase classname="com.Mohs10.TestScripts.MO_Obs" name="MO_Obspatients" time="33.342"/>
  <testcase classname="com.Mohs10.TestScripts.Superadmin" name="superadmin" time="21.074">
    <failure type="org.openqa.selenium.ElementClickInterceptedException" message="Element &amp;lt;button id=&amp;quot;submit_button&amp;quot; class=&amp;quot;btn btn-gradient-danger me-2&amp;quot; type=&amp;quot;submit&amp;quot;&amp;gt; is not clickable at point (383,347) because another element &amp;lt;form class=&amp;quot;forms-sample &amp;quot;&amp;gt; obscures it
Build info: version: &amp;apos;4.21.0&amp;apos;, revision: &amp;apos;79ed462ef4&amp;apos;
System info: os.name: &amp;apos;Windows 10&amp;apos;, os.arch: &amp;apos;amd64&amp;apos;, os.version: &amp;apos;10.0&amp;apos;, java.version: &amp;apos;17.0.8&amp;apos;
Driver info: org.openqa.selenium.remote.RemoteWebDriver
Command: [7d403678-c8db-423a-b9cc-9c60e48dfb38, clickElement {id=8d9d9c8c-488b-447f-acaf-4da216003cd4}]
Capabilities {acceptInsecureCerts: true, browserName: firefox, browserVersion: 127.0, moz:accessibilityChecks: false, moz:buildID: 20240606181944, moz:debuggerAddress: 127.0.0.1:44510, moz:firefoxOptions: {binary: C:\Program Files\Mozilla Fi...}, moz:geckodriverVersion: 0.34.0, moz:headless: false, moz:platformVersion: 10.0, moz:processID: 6736, moz:profile: C:\Users\Dell\AppData\Local..., moz:shutdownTimeout: 60000, moz:webdriverClick: true, moz:windowless: false, pageLoadStrategy: normal, platformName: Windows 10, proxy: Proxy(), se:bidiEnabled: false, se:cdp: ws://192.168.1.99:4444/sess..., se:cdpVersion: 85.0, setWindowRect: true, strictFileInteractability: false, timeouts: {implicit: 0, pageLoad: 300000, script: 30000}, unhandledPromptBehavior: dismiss and notify, userAgent: Mozilla/5.0 (Windows NT 10....}
Element: [[RemoteWebDriver: firefox on Windows 10 (7d403678-c8db-423a-b9cc-9c60e48dfb38)] -&amp;gt; xpath: //button[@id=&amp;apos;submit_button&amp;apos;]]
Session ID: 7d403678-c8db-423a-b9cc-9c60e48dfb38">
      <![CDATA[org.openqa.selenium.ElementClickInterceptedException: Element <button id="submit_button" class="btn btn-gradient-danger me-2" type="submit"> is not clickable at point (383,347) because another element <form class="forms-sample "> obscures it
Build info: version: '4.21.0', revision: '79ed462ef4'
System info: os.name: 'Windows 10', os.arch: 'amd64', os.version: '10.0', java.version: '17.0.8'
Driver info: org.openqa.selenium.remote.RemoteWebDriver
Command: [7d403678-c8db-423a-b9cc-9c60e48dfb38, clickElement {id=8d9d9c8c-488b-447f-acaf-4da216003cd4}]
Capabilities {acceptInsecureCerts: true, browserName: firefox, browserVersion: 127.0, moz:accessibilityChecks: false, moz:buildID: 20240606181944, moz:debuggerAddress: 127.0.0.1:44510, moz:firefoxOptions: {binary: C:\Program Files\Mozilla Fi...}, moz:geckodriverVersion: 0.34.0, moz:headless: false, moz:platformVersion: 10.0, moz:processID: 6736, moz:profile: C:\Users\Dell\AppData\Local..., moz:shutdownTimeout: 60000, moz:webdriverClick: true, moz:windowless: false, pageLoadStrategy: normal, platformName: Windows 10, proxy: Proxy(), se:bidiEnabled: false, se:cdp: ws://192.168.1.99:4444/sess..., se:cdpVersion: 85.0, setWindowRect: true, strictFileInteractability: false, timeouts: {implicit: 0, pageLoad: 300000, script: 30000}, unhandledPromptBehavior: dismiss and notify, userAgent: Mozilla/5.0 (Windows NT 10....}
Element: [[RemoteWebDriver: firefox on Windows 10 (7d403678-c8db-423a-b9cc-9c60e48dfb38)] -> xpath: //button[@id='submit_button']]
Session ID: 7d403678-c8db-423a-b9cc-9c60e48dfb38
at org.openqa.selenium.remote.ErrorCodec.decode(ErrorCodec.java:167)
at org.openqa.selenium.remote.codec.w3c.W3CHttpResponseCodec.decode(W3CHttpResponseCodec.java:138)
at org.openqa.selenium.remote.codec.w3c.W3CHttpResponseCodec.decode(W3CHttpResponseCodec.java:50)
at org.openqa.selenium.remote.HttpCommandExecutor.execute(HttpCommandExecutor.java:190)
at org.openqa.selenium.remote.TracedCommandExecutor.execute(TracedCommandExecutor.java:51)
at org.openqa.selenium.remote.RemoteWebDriver.execute(RemoteWebDriver.java:518)
at org.openqa.selenium.remote.RemoteWebElement.execute(RemoteWebElement.java:223)
at org.openqa.selenium.remote.RemoteWebElement.click(RemoteWebElement.java:76)
at com.Mohs10.Base.Action.click(Action.java:162)
at com.Mohs10.Functions.MO_Fun.superadmin(MO_Fun.java:196)
at com.Mohs10.TestScripts.Superadmin.superadmin(Superadmin.java:24)
at java.base/java.util.ArrayList.forEach(ArrayList.java:1511)
... Removed 32 stack frames]]>
    </failure>
  </testcase> <!-- superadmin -->
  <testcase classname="com.Mohs10.TestScripts.Superadmin_edit" name="superadmin_edit" time="27.432"/>
  <testcase classname="com.Mohs10.Reports.New_PDF_Report" name="PDFreports" time="32.163"/>
  <testcase classname="com.Mohs10.Base.StartBrowser" name="@BeforeSuite loadConfig" time="0.0">
    <ignored/>
  </testcase> <!-- @BeforeSuite loadConfig -->
  <testcase classname="com.Mohs10.Base.StartBrowser" name="@BeforeSuite loadConfig" time="0.0">
    <ignored/>
  </testcase> <!-- @BeforeSuite loadConfig -->
  <testcase classname="com.Mohs10.Base.StartBrowser" name="@AfterSuite afterSuite" time="0.0">
    <ignored/>
  </testcase> <!-- @AfterSuite afterSuite -->
  <testcase classname="com.Mohs10.Base.StartBrowser" name="@BeforeSuite loadConfig" time="0.0">
    <ignored/>
  </testcase> <!-- @BeforeSuite loadConfig -->
  <testcase classname="com.Mohs10.Base.StartBrowser" name="@AfterSuite afterSuite" time="0.0">
    <ignored/>
  </testcase> <!-- @AfterSuite afterSuite -->
  <testcase classname="com.Mohs10.Base.StartBrowser" name="@BeforeSuite loadConfig" time="0.0">
    <ignored/>
  </testcase> <!-- @BeforeSuite loadConfig -->
  <testcase classname="com.Mohs10.Base.StartBrowser" name="@AfterSuite afterSuite" time="0.0">
    <ignored/>
  </testcase> <!-- @AfterSuite afterSuite -->
  <testcase classname="com.Mohs10.Base.StartBrowser" name="@AfterSuite afterSuite" time="0.0">
    <ignored/>
  </testcase> <!-- @AfterSuite afterSuite -->
  <testcase classname="com.Mohs10.Base.StartBrowser" name="@AfterSuite afterSuite" time="0.0">
    <ignored/>
  </testcase> <!-- @AfterSuite afterSuite -->
  <testcase classname="com.Mohs10.Base.StartBrowser" name="@BeforeSuite loadConfig" time="0.0">
    <ignored/>
  </testcase> <!-- @BeforeSuite loadConfig -->
  <testcase classname="com.Mohs10.Base.StartBrowser" name="@BeforeSuite loadConfig" time="0.0">
    <ignored/>
  </testcase> <!-- @BeforeSuite loadConfig -->
  <testcase classname="com.Mohs10.Base.StartBrowser" name="@AfterSuite afterSuite" time="0.0">
    <ignored/>
  </testcase> <!-- @AfterSuite afterSuite -->
</testsuite> <!-- TestNG_Report2 -->
